<?xml version="1.0" encoding="UTF-8" standalone="no"?>
<!DOCTYPE log SYSTEM "logger.dtd">
<log>
<record>
  <date>2019-05-06T16:04:14.783-0300</date>
  <logger>ISAIAS MARTINS TEIXEIRA PONTES</logger>
  <level>FINE</level>
  <message>File 118110593-ISAIAS MARTINS TEIXEIRA PONTES.zip was received. It was sent by ISAIAS MARTINS TEIXEIRA PONTES from IP 150.165.42.123 at 06-05-2019 16*04*14</message>
</record>
</log>
<?xml version="1.0" encoding="UTF-8" standalone="no"?>
<!DOCTYPE log SYSTEM "logger.dtd">
<log>
<record>
  <date>2019-05-06T16:46:53.891-0300</date>
  <logger>ISAIAS MARTINS TEIXEIRA PONTES</logger>
  <level>FINE</level>
  <message>File 118110593-ISAIAS MARTINS TEIXEIRA PONTES.zip was received. It was sent by ISAIAS MARTINS TEIXEIRA PONTES from IP 150.165.42.151 at 06-05-2019 16*46*53</message>
</record>
</log>
<?xml version="1.0" encoding="UTF-8" standalone="no"?>
<!DOCTYPE log SYSTEM "logger.dtd">
<log>
<record>
  <date>2019-05-08T07:31:04.831-0300</date>
  <logger>ISAIAS MARTINS TEIXEIRA PONTES</logger>
  <level>FINE</level>
  <message>File 118110593-ISAIAS MARTINS TEIXEIRA PONTES.zip was received. It was sent by ISAIAS MARTINS TEIXEIRA PONTES from IP 192.168.0.77 at 08-05-2019 07*31*04</message>
</record>
