<?xml version="1.0" encoding="UTF-8" standalone="no"?>
<!DOCTYPE log SYSTEM "logger.dtd">
<log>
<record>
  <date>2019-04-22T16:09:49.447-0300</date>
  <logger>ISAIAS MARTINS TEIXEIRA PONTES</logger>
  <level>FINE</level>
  <message>File 118110593-ISAIAS MARTINS TEIXEIRA PONTES.zip was received. It was sent by ISAIAS MARTINS TEIXEIRA PONTES from IP 150.165.42.113</message>
</record>
</log>
<?xml version="1.0" encoding="UTF-8" standalone="no"?>
<!DOCTYPE log SYSTEM "logger.dtd">
<log>
<record>
  <date>2019-04-23T18:17:33.277-0300</date>
  <logger>ISAIAS MARTINS TEIXEIRA PONTES</logger>
  <level>FINE</level>
  <message>File 118110593-ISAIAS MARTINS TEIXEIRA PONTES.zip was received. It was sent by ISAIAS MARTINS TEIXEIRA PONTES from IP 192.168.0.77</message>
</record>
</log>
<?xml version="1.0" encoding="UTF-8" standalone="no"?>
<!DOCTYPE log SYSTEM "logger.dtd">
<log>
<record>
  <date>2019-04-23T23:08:56.908-0300</date>
  <logger>ISAIAS MARTINS TEIXEIRA PONTES</logger>
  <level>FINE</level>
  <message>File 118110593-ISAIAS MARTINS TEIXEIRA PONTES.zip was received. It was sent by ISAIAS MARTINS TEIXEIRA PONTES from IP 192.168.0.77</message>
</record>
