<?xml version="1.0" encoding="UTF-8" standalone="no"?>
<!DOCTYPE log SYSTEM "logger.dtd">
<log>
<record>
  <date>2019-06-06T14:20:55.314-0300</date>
  <logger>ISAIAS MARTINS TEIXEIRA PONTES</logger>
  <level>FINE</level>
  <message>File 118110593-ISAIAS MARTINS TEIXEIRA PONTES.zip was received. It was sent by ISAIAS MARTINS TEIXEIRA PONTES from IP 150.165.42.204 at 06-06-2019 14*20*55</message>
</record>
</log>
<?xml version="1.0" encoding="UTF-8" standalone="no"?>
<!DOCTYPE log SYSTEM "logger.dtd">
<log>
<record>
  <date>2019-06-08T12:59:04.847-0300</date>
  <logger>ISAIAS MARTINS TEIXEIRA PONTES</logger>
  <level>FINE</level>
  <message>File 118110593-ISAIAS MARTINS TEIXEIRA PONTES.zip was received. It was sent by ISAIAS MARTINS TEIXEIRA PONTES from IP 192.168.0.78 at 08-06-2019 12*59*04</message>
</record>
</log>
<?xml version="1.0" encoding="UTF-8" standalone="no"?>
<!DOCTYPE log SYSTEM "logger.dtd">
<log>
<record>
  <date>2019-06-08T13:05:19.412-0300</date>
  <logger>ISAIAS MARTINS TEIXEIRA PONTES</logger>
  <level>FINE</level>
  <message>File 118110593-ISAIAS MARTINS TEIXEIRA PONTES.zip was received. It was sent by ISAIAS MARTINS TEIXEIRA PONTES from IP 192.168.0.78 at 08-06-2019 13*05*19</message>
</record>
