<?xml version="1.0" encoding="UTF-8" standalone="no"?>
<!DOCTYPE log SYSTEM "logger.dtd">
<log>
<record>
  <date>2019-05-02T14:09:30.416-0300</date>
  <logger>ISAIAS MARTINS TEIXEIRA PONTES</logger>
  <level>FINE</level>
  <message>File 118110593-ISAIAS MARTINS TEIXEIRA PONTES.zip was received. It was sent by ISAIAS MARTINS TEIXEIRA PONTES from IP 150.165.42.189 at 02-05-2019 14*09*30</message>
</record>
</log>
<?xml version="1.0" encoding="UTF-8" standalone="no"?>
<!DOCTYPE log SYSTEM "logger.dtd">
<log>
<record>
  <date>2019-05-03T22:18:15.080-0300</date>
  <logger>ISAIAS MARTINS TEIXEIRA PONTES</logger>
  <level>FINE</level>
  <message>File 118110593-ISAIAS MARTINS TEIXEIRA PONTES.zip was received. It was sent by ISAIAS MARTINS TEIXEIRA PONTES from IP 192.168.0.8 at 03-05-2019 22*18*15</message>
</record>
</log>
<?xml version="1.0" encoding="UTF-8" standalone="no"?>
<!DOCTYPE log SYSTEM "logger.dtd">
<log>
<record>
  <date>2019-05-03T22:21:39.873-0300</date>
  <logger>ISAIAS MARTINS TEIXEIRA PONTES</logger>
  <level>FINE</level>
  <message>File 118110593-ISAIAS MARTINS TEIXEIRA PONTES.zip was received. It was sent by ISAIAS MARTINS TEIXEIRA PONTES from IP 192.168.0.8 at 03-05-2019 22*21*39</message>
</record>
